#-----------------------------------------------------------
# Vivado v2018.2 (64-bit)
# SW Build 2258646 on Thu Jun 14 20:03:12 MDT 2018
# IP Build 2256618 on Thu Jun 14 22:10:49 MDT 2018
# Start of session at: Sun Dec  2 23:57:44 2018
# Process ID: 8364
# Current directory: G:/NILAAN/Lab 9-10/project 004/CPU
# Command line: vivado.exe -gui_launcher_event rodinguilauncherevent916 G:\NILAAN\Lab 9-10\project 004\CPU\CPU.xpr
# Log file: G:/NILAAN/Lab 9-10/project 004/CPU/vivado.log
# Journal file: G:/NILAAN/Lab 9-10/project 004/CPU\vivado.jou
#-----------------------------------------------------------
start_gui
open_project {G:/NILAAN/Lab 9-10/project 004/CPU/CPU.xpr}
INFO: [Project 1-313] Project file moved from 'C:/Users/NILAAN/Desktop/project 004/CPU' since last save.
Scanning sources...
Finished scanning sources
INFO: [IP_Flow 19-234] Refreshing IP repositories
INFO: [IP_Flow 19-1704] No user IP repositories specified
INFO: [IP_Flow 19-2313] Loaded Vivado IP repository 'F:/SOFTWARE/Xilinx/Vivado/2018.2/data/ip'.
open_project: Time (s): cpu = 00:00:12 ; elapsed = 00:00:06 . Memory (MB): peak = 883.684 ; gain = 147.426
update_compile_order -fileset sources_1
exit
INFO: [Common 17-206] Exiting Vivado at Mon Dec  3 00:32:00 2018...
