Copyright 1986-2018 Xilinx, Inc. All Rights Reserved.
------------------------------------------------------------------------------------
| Tool Version : Vivado v.2018.2 (win64) Build 2258646 Thu Jun 14 20:03:12 MDT 2018
| Date         : Fri Nov 30 16:14:40 2018
| Host         : PC-NILAAN running 64-bit major release  (build 9200)
| Command      : report_control_sets -verbose -file CPU_control_sets_placed.rpt
| Design       : CPU
| Device       : xc7a35t
------------------------------------------------------------------------------------

Control Set Information

Table of Contents
-----------------
1. Summary
2. Histogram
3. Flip-Flop Distribution
4. Detailed Control Set Information

1. Summary
----------

+----------------------------------------------------------+-------+
|                          Status                          | Count |
+----------------------------------------------------------+-------+
| Number of unique control sets                            |     6 |
| Unused register locations in slices containing registers |     6 |
+----------------------------------------------------------+-------+


2. Histogram
------------

+--------+--------------+
| Fanout | Control Sets |
+--------+--------------+
|      6 |            2 |
|      8 |            2 |
|    16+ |            2 |
+--------+--------------+


3. Flip-Flop Distribution
-------------------------

+--------------+-----------------------+------------------------+-----------------+--------------+
| Clock Enable | Synchronous Set/Reset | Asynchronous Set/Reset | Total Registers | Total Slices |
+--------------+-----------------------+------------------------+-----------------+--------------+
| No           | No                    | No                     |               6 |            1 |
| No           | No                    | Yes                    |               0 |            0 |
| No           | Yes                   | No                     |              68 |            9 |
| Yes          | No                    | No                     |               0 |            0 |
| Yes          | No                    | Yes                    |               0 |            0 |
| Yes          | Yes                   | No                     |              32 |            4 |
+--------------+-----------------------+------------------------+-----------------+--------------+


4. Detailed Control Set Information
-----------------------------------

+-----------------+---------------+-----------------------------+------------------+----------------+
|   Clock Signal  | Enable Signal |       Set/Reset Signal      | Slice Load Count | Bel Load Count |
+-----------------+---------------+-----------------------------+------------------+----------------+
|  Slow_Clk0/E[0] |               | Slow_Clk0/AR[0]             |                1 |              6 |
|  Clk_IBUF_BUFG  |               |                             |                1 |              6 |
|  Clk_IBUF_BUFG  | PC/Yout[0]    | Reset_IBUF                  |                1 |              8 |
|  Clk_IBUF_BUFG  | PC/Yout[1]    | Reset_IBUF                  |                1 |              8 |
|  Clk_IBUF_BUFG  | PC/Yout[2]    | Reset_IBUF                  |                2 |             16 |
|  Clk_IBUF_BUFG  |               | Slow_Clk0/count[31]_i_1_n_0 |                8 |             62 |
+-----------------+---------------+-----------------------------+------------------+----------------+


